2025-12-11 14:49:08,775 - web_scraper_toolkit.parsers.scraping_tools - ERROR - PDF failed: asyncio.run() cannot be called from a running event loop
2025-12-11 14:50:37,990 - web_scraper_toolkit.browser.playwright_handler - INFO - PlaywrightManager initialized: Browser=chromium, Headless=True, Default Timeout=60000ms
2025-12-11 14:50:39,273 - web_scraper_toolkit.browser.playwright_handler - INFO - Playwright started.
2025-12-11 14:50:41,258 - web_scraper_toolkit.browser.playwright_handler - INFO - chromium browser launched. Headless: True.
2025-12-11 14:50:41,653 - web_scraper_toolkit.browser.playwright_handler - INFO - Playwright: Attempt 1/3 - loading for PDF @ https://example.com
2025-12-11 14:50:47,262 - web_scraper_toolkit.browser.playwright_handler - INFO - Playwright: Finished fetch for https://example.com/ (status: 200, len: 528)
2025-12-11 14:50:47,262 - web_scraper_toolkit.browser.playwright_handler - INFO - Auto-scrolling page to trigger lazy loading...
2025-12-11 14:50:49,414 - web_scraper_toolkit.browser.playwright_handler - INFO - Saving PDF of https://example.com to test_output_example.pdf
2025-12-11 14:50:49,789 - web_scraper_toolkit.browser.playwright_handler - INFO - chromium browser closed.
2025-12-11 14:50:49,823 - web_scraper_toolkit.browser.playwright_handler - INFO - Playwright stopped.
2025-12-11 14:50:49,836 - web_scraper_toolkit.parsers.scraping_tools - INFO - Executing Deep Research (via DDG) for query: example domain purpose
2025-12-11 14:50:49,836 - web_scraper_toolkit.browser.playwright_handler - INFO - PlaywrightManager initialized: Browser=chromium, Headless=False, Default Timeout=60000ms
2025-12-11 14:50:50,879 - web_scraper_toolkit.browser.playwright_handler - INFO - Playwright started.
2025-12-11 14:50:51,442 - web_scraper_toolkit.browser.playwright_handler - INFO - chromium browser launched. Headless: False.
2025-12-11 14:50:51,979 - web_scraper_toolkit.browser.playwright_handler - INFO - Playwright: Attempt 1/3 - fetching page @ https://html.duckduckgo.com/html/?q=example+domain+purpose
2025-12-11 14:50:56,221 - web_scraper_toolkit.browser.playwright_handler - INFO - Playwright: Finished fetch for https://html.duckduckgo.com/html/?q=example+domain+purpose (status: 200, len: 34538)
2025-12-11 14:50:56,289 - web_scraper_toolkit.parsers.serp_parser - INFO - SERP Parser (DDG): Extracted 10 results from https://html.duckduckgo.com/html/?q=example+domain+purpose
2025-12-11 14:50:56,289 - web_scraper_toolkit.parsers.scraping_tools - INFO - Crawling top result #1: https://www.networksolutions.com/blog/what-are-domain-names-and-how-do-they-work
2025-12-11 14:50:56,499 - web_scraper_toolkit.browser.playwright_handler - INFO - Playwright: Attempt 1/3 - fetching page @ https://www.networksolutions.com/blog/what-are-domain-names-and-how-do-they-work
2025-12-11 14:51:01,872 - web_scraper_toolkit.browser.playwright_handler - INFO - Playwright: Finished fetch for https://www.networksolutions.com/blog/what-are-domain-names-and-how-do-they-work/ (status: 200, len: 436225)
2025-12-11 14:51:02,125 - web_scraper_toolkit.parsers.scraping_tools - INFO - Crawling top result #2: https://hostadvice.com/blog/domains/types-of-domains
2025-12-11 14:51:02,409 - web_scraper_toolkit.browser.playwright_handler - INFO - Playwright: Attempt 1/3 - fetching page @ https://hostadvice.com/blog/domains/types-of-domains
2025-12-11 14:51:05,902 - web_scraper_toolkit.browser.playwright_handler - INFO - Playwright: Finished fetch for https://hostadvice.com/blog/domains/types-of-domains/ (status: 200, len: 244598)
2025-12-11 14:51:06,020 - web_scraper_toolkit.parsers.scraping_tools - INFO - Crawling top result #3: https://www.webdew.com/blog/domain-101
2025-12-11 14:51:06,266 - web_scraper_toolkit.browser.playwright_handler - INFO - Playwright: Attempt 1/3 - fetching page @ https://www.webdew.com/blog/domain-101
2025-12-11 14:51:10,476 - web_scraper_toolkit.browser.playwright_handler - INFO - Playwright: Finished fetch for https://www.webdew.com/blog/domain-101 (status: 200, len: 1034718)
2025-12-11 14:51:11,869 - web_scraper_toolkit.browser.playwright_handler - INFO - chromium browser closed.
2025-12-11 14:51:11,892 - web_scraper_toolkit.browser.playwright_handler - INFO - Playwright stopped.
2025-12-11 15:30:39,656 - web_scraper_toolkit.browser.playwright_handler - INFO - PlaywrightManager initialized: Browser=chromium, Headless=True, Default Timeout=60000ms
2025-12-11 15:30:40,733 - web_scraper_toolkit.browser.playwright_handler - INFO - Playwright started.
2025-12-11 15:30:41,109 - web_scraper_toolkit.browser.playwright_handler - INFO - chromium browser launched. Headless: True.
2025-12-11 15:30:41,465 - web_scraper_toolkit.browser.playwright_handler - INFO - Playwright: Attempt 1/3 - loading for PDF @ https://example.com
2025-12-11 15:30:48,232 - web_scraper_toolkit.browser.playwright_handler - INFO - Playwright: Finished fetch for https://example.com/ (status: 200, len: 528)
2025-12-11 15:30:48,232 - web_scraper_toolkit.browser.playwright_handler - INFO - Auto-scrolling page to trigger lazy loading...
2025-12-11 15:30:50,382 - web_scraper_toolkit.browser.playwright_handler - INFO - Saving PDF of https://example.com to test_output_example.pdf
2025-12-11 15:30:50,740 - web_scraper_toolkit.browser.playwright_handler - INFO - chromium browser closed.
2025-12-11 15:30:50,763 - web_scraper_toolkit.browser.playwright_handler - INFO - Playwright stopped.
2025-12-11 15:30:50,767 - web_scraper_toolkit.parsers.scraping_tools - INFO - Executing Deep Research (via DDG) for query: example domain purpose
2025-12-11 15:30:50,767 - web_scraper_toolkit.browser.playwright_handler - INFO - PlaywrightManager initialized: Browser=chromium, Headless=False, Default Timeout=60000ms
2025-12-11 15:30:51,559 - web_scraper_toolkit.browser.playwright_handler - INFO - Playwright started.
2025-12-11 15:30:52,468 - web_scraper_toolkit.browser.playwright_handler - INFO - chromium browser launched. Headless: False.
2025-12-11 15:30:53,365 - web_scraper_toolkit.browser.playwright_handler - INFO - Playwright: Attempt 1/3 - fetching page @ https://html.duckduckgo.com/html/?q=example+domain+purpose
2025-12-11 15:30:57,806 - web_scraper_toolkit.browser.playwright_handler - INFO - Playwright: Finished fetch for https://html.duckduckgo.com/html/?q=example+domain+purpose (status: 200, len: 34772)
2025-12-11 15:30:58,018 - web_scraper_toolkit.parsers.serp_parser - INFO - SERP Parser (DDG): Extracted 10 results from https://html.duckduckgo.com/html/?q=example+domain+purpose
2025-12-11 15:30:58,018 - web_scraper_toolkit.parsers.scraping_tools - INFO - Crawling top result #1: https://www.networksolutions.com/blog/what-are-domain-names-and-how-do-they-work
2025-12-11 15:30:58,343 - web_scraper_toolkit.browser.playwright_handler - INFO - Playwright: Attempt 1/3 - fetching page @ https://www.networksolutions.com/blog/what-are-domain-names-and-how-do-they-work
2025-12-11 15:31:02,950 - web_scraper_toolkit.browser.playwright_handler - INFO - Playwright: Finished fetch for https://www.networksolutions.com/blog/what-are-domain-names-and-how-do-they-work/ (status: 200, len: 431798)
2025-12-11 15:31:03,257 - web_scraper_toolkit.parsers.scraping_tools - INFO - Crawling top result #2: https://www.domaintools.com/support/what-is-a-domain-name-and-what-does-it-do
2025-12-11 15:31:03,606 - web_scraper_toolkit.browser.playwright_handler - INFO - Playwright: Attempt 1/3 - fetching page @ https://www.domaintools.com/support/what-is-a-domain-name-and-what-does-it-do
2025-12-11 15:31:07,859 - web_scraper_toolkit.browser.playwright_handler - INFO - Playwright: Finished fetch for https://www.domaintools.com/support/what-is-a-domain-name-and-what-does-it-do/ (status: 200, len: 166844)
2025-12-11 15:31:08,083 - web_scraper_toolkit.parsers.scraping_tools - INFO - Crawling top result #3: https://www.hostinger.com/tutorials/what-is-a-domain-name
2025-12-11 15:31:08,391 - web_scraper_toolkit.browser.playwright_handler - INFO - Playwright: Attempt 1/3 - fetching page @ https://www.hostinger.com/tutorials/what-is-a-domain-name
2025-12-11 15:31:14,549 - web_scraper_toolkit.browser.playwright_handler - INFO - Playwright: Finished fetch for https://www.hostinger.com/tutorials/what-is-a-domain-name (status: 200, len: 1908770)
2025-12-11 15:31:15,783 - web_scraper_toolkit.browser.playwright_handler - INFO - chromium browser closed.
2025-12-11 15:31:15,802 - web_scraper_toolkit.browser.playwright_handler - INFO - Playwright stopped.
